<?xml version="1.0" encoding="UTF-8"?>
<testng-results skipped="0" failed="0" ignored="0" total="1" passed="1">
  <reporter-output>
  </reporter-output>
  <suite name="Default suite" duration-ms="13619" started-at="2019-10-10T11:40:04Z" finished-at="2019-10-10T11:40:18Z">
    <groups>
    </groups>
    <test name="Default test" duration-ms="13619" started-at="2019-10-10T11:40:04Z" finished-at="2019-10-10T11:40:18Z">
      <class name="com.tests.TestCases">
        <test-method status="PASS" signature="beforeSuiteActivities()[pri:0, instance:com.tests.TestCases@3bfdc050]" name="beforeSuiteActivities" is-config="true" duration-ms="15" started-at="2019-10-10T11:40:04Z" finished-at="2019-10-10T11:40:04Z">
          <reporter-output>
          </reporter-output>
        </test-method> <!-- beforeSuiteActivities -->
        <test-method status="PASS" signature="beforeTest()[pri:0, instance:com.tests.TestCases@3bfdc050]" name="beforeTest" is-config="true" duration-ms="155" started-at="2019-10-10T11:40:04Z" finished-at="2019-10-10T11:40:04Z">
          <reporter-output>
          </reporter-output>
        </test-method> <!-- beforeTest -->
        <test-method status="PASS" signature="createDriver()[pri:0, instance:com.tests.TestCases@3bfdc050]" name="createDriver" is-config="true" duration-ms="9467" started-at="2019-10-10T11:40:04Z" finished-at="2019-10-10T11:40:14Z">
          <reporter-output>
          </reporter-output>
        </test-method> <!-- createDriver -->
        <test-method status="PASS" signature="login()[pri:0, instance:com.tests.TestCases@3bfdc050]" name="login" duration-ms="3326" started-at="2019-10-10T11:40:14Z" finished-at="2019-10-10T11:40:17Z">
          <reporter-output>
          </reporter-output>
        </test-method> <!-- login -->
        <test-method status="PASS" signature="endTest()[pri:0, instance:com.tests.TestCases@3bfdc050]" name="endTest" is-config="true" duration-ms="648" started-at="2019-10-10T11:40:17Z" finished-at="2019-10-10T11:40:18Z">
          <reporter-output>
          </reporter-output>
        </test-method> <!-- endTest -->
      </class> <!-- com.tests.TestCases -->
    </test> <!-- Default test -->
  </suite> <!-- Default suite -->
</testng-results>
