<?xml version="1.0" encoding="UTF-8"?>
<testng-results skipped="0" failed="0" ignored="0" total="1" passed="1">
  <reporter-output>
  </reporter-output>
  <suite name="Default suite" duration-ms="11778" started-at="2019-10-12T12:25:32Z" finished-at="2019-10-12T12:25:43Z">
    <groups>
    </groups>
    <test name="Default test" duration-ms="11778" started-at="2019-10-12T12:25:32Z" finished-at="2019-10-12T12:25:43Z">
      <class name="com.tests.TestCases">
        <test-method status="PASS" signature="beforeSuiteActivities()[pri:0, instance:com.tests.TestCases@6500df86]" name="beforeSuiteActivities" is-config="true" duration-ms="21" started-at="2019-10-12T12:25:32Z" finished-at="2019-10-12T12:25:32Z">
          <reporter-output>
          </reporter-output>
        </test-method> <!-- beforeSuiteActivities -->
        <test-method status="PASS" signature="beforeTest()[pri:0, instance:com.tests.TestCases@6500df86]" name="beforeTest" is-config="true" duration-ms="263" started-at="2019-10-12T12:25:32Z" finished-at="2019-10-12T12:25:32Z">
          <reporter-output>
          </reporter-output>
        </test-method> <!-- beforeTest -->
        <test-method status="PASS" signature="createDriver()[pri:0, instance:com.tests.TestCases@6500df86]" name="createDriver" is-config="true" duration-ms="6824" started-at="2019-10-12T12:25:32Z" finished-at="2019-10-12T12:25:39Z">
          <reporter-output>
          </reporter-output>
        </test-method> <!-- createDriver -->
        <test-method status="PASS" signature="searchDepen()[pri:0, instance:com.tests.TestCases@6500df86]" name="searchDepen" duration-ms="3454" started-at="2019-10-12T12:25:39Z" finished-at="2019-10-12T12:25:42Z">
          <reporter-output>
          </reporter-output>
        </test-method> <!-- searchDepen -->
        <test-method status="PASS" signature="endTest()[pri:0, instance:com.tests.TestCases@6500df86]" name="endTest" is-config="true" duration-ms="1210" started-at="2019-10-12T12:25:42Z" finished-at="2019-10-12T12:25:43Z">
          <reporter-output>
          </reporter-output>
        </test-method> <!-- endTest -->
      </class> <!-- com.tests.TestCases -->
    </test> <!-- Default test -->
  </suite> <!-- Default suite -->
</testng-results>
